[debug] [2020-12-21T04:18:53.993Z] ----------------------------------------------------------------------
[debug] [2020-12-21T04:18:53.996Z] Command:       /usr/local/Cellar/node/14.11.0/bin/node /usr/local/bin/firebase serve
[debug] [2020-12-21T04:18:53.996Z] CLI Version:   9.0.1
[debug] [2020-12-21T04:18:53.996Z] Platform:      darwin
[debug] [2020-12-21T04:18:53.996Z] Node Version:  v14.11.0
[debug] [2020-12-21T04:18:53.998Z] Time:          Sun Dec 20 2020 21:18:53 GMT-0700 (Mountain Standard Time)
[debug] [2020-12-21T04:18:53.998Z] ----------------------------------------------------------------------
[debug] [2020-12-21T04:18:53.998Z] 
[debug] [2020-12-21T04:18:54.008Z] > command requires scopes: ["email","openid","https://www.googleapis.com/auth/cloudplatformprojects.readonly","https://www.googleapis.com/auth/firebase","https://www.googleapis.com/auth/cloud-platform"]
[debug] [2020-12-21T04:18:54.009Z] > authorizing via signed-in user
[debug] [2020-12-21T04:18:54.009Z] [iam] checking project mechanism-take-home for permissions ["firebase.projects.get"]
[debug] [2020-12-21T04:18:54.012Z] > refreshing access token with scopes: ["email","https://www.googleapis.com/auth/cloud-platform","https://www.googleapis.com/auth/cloudplatformprojects.readonly","https://www.googleapis.com/auth/firebase","openid"]
[debug] [2020-12-21T04:18:54.012Z] >>> HTTP REQUEST POST https://www.googleapis.com/oauth2/v3/token  
 <request body omitted>
[debug] [2020-12-21T04:18:54.175Z] <<< HTTP RESPONSE 200 {"cache-control":"no-cache, no-store, max-age=0, must-revalidate","pragma":"no-cache","date":"Mon, 21 Dec 2020 04:18:54 GMT","expires":"Mon, 01 Jan 1990 00:00:00 GMT","content-type":"application/json; charset=utf-8","vary":"X-Origin, Referer, Origin,Accept-Encoding","server":"scaffolding on HTTPServer2","x-xss-protection":"0","x-frame-options":"SAMEORIGIN","x-content-type-options":"nosniff","alt-svc":"h3-29=\":443\"; ma=2592000,h3-T051=\":443\"; ma=2592000,h3-Q050=\":443\"; ma=2592000,h3-Q046=\":443\"; ma=2592000,h3-Q043=\":443\"; ma=2592000,quic=\":443\"; ma=2592000; v=\"46,43\"","accept-ranges":"none","transfer-encoding":"chunked"}
[debug] [2020-12-21T04:18:54.214Z] >>> HTTP REQUEST POST https://cloudresourcemanager.googleapis.com/v1/projects/mechanism-take-home:testIamPermissions  
 {"permissions":["firebase.projects.get"]}
[debug] [2020-12-21T04:18:54.378Z] <<< HTTP RESPONSE 200 {"content-type":"application/json; charset=UTF-8","vary":"X-Origin, Referer, Origin,Accept-Encoding","date":"Mon, 21 Dec 2020 04:18:54 GMT","server":"ESF","cache-control":"private","x-xss-protection":"0","x-frame-options":"SAMEORIGIN","x-content-type-options":"nosniff","server-timing":"gfet4t7; dur=46","alt-svc":"h3-29=\":443\"; ma=2592000,h3-T051=\":443\"; ma=2592000,h3-Q050=\":443\"; ma=2592000,h3-Q046=\":443\"; ma=2592000,h3-Q043=\":443\"; ma=2592000,quic=\":443\"; ma=2592000; v=\"46,43\"","accept-ranges":"none","transfer-encoding":"chunked"}
[debug] [2020-12-21T04:18:54.381Z] >>> HTTP REQUEST GET https://firebase.googleapis.com/v1beta1/projects/mechanism-take-home  
 
[debug] [2020-12-21T04:18:54.599Z] <<< HTTP RESPONSE 200 {"content-type":"application/json; charset=UTF-8","vary":"X-Origin, Referer, Origin,Accept-Encoding","date":"Mon, 21 Dec 2020 04:18:54 GMT","server":"ESF","cache-control":"private","x-xss-protection":"0","x-frame-options":"SAMEORIGIN","x-content-type-options":"nosniff","alt-svc":"h3-29=\":443\"; ma=2592000,h3-T051=\":443\"; ma=2592000,h3-Q050=\":443\"; ma=2592000,h3-Q046=\":443\"; ma=2592000,h3-Q043=\":443\"; ma=2592000,quic=\":443\"; ma=2592000; v=\"46,43\"","accept-ranges":"none","transfer-encoding":"chunked"}
[info] 
[info] === Serving from '/Users/toddstorm/workspace/take-home'...
[info] 
[warn] ⚠  Your requested "node" version "12" doesn't match your global version "14" {"metadata":{"emulator":{"name":"functions"},"message":"Your requested \"node\" version \"12\" doesn't match your global version \"14\""}}
[debug] [2020-12-21T04:18:54.624Z] defaultcredentials: writing to file /Users/toddstorm/.config/firebase/todd_w.storm_gmail.com_application_default_credentials.json
[debug] [2020-12-21T04:18:54.625Z] Setting GAC to /Users/toddstorm/.config/firebase/todd_w.storm_gmail.com_application_default_credentials.json {"metadata":{"emulator":{"name":"functions"},"message":"Setting GAC to /Users/toddstorm/.config/firebase/todd_w.storm_gmail.com_application_default_credentials.json"}}
[info] i  functions: Watching "/Users/toddstorm/workspace/take-home/functions" for Cloud Functions... {"metadata":{"emulator":{"name":"functions"},"message":"Watching \"/Users/toddstorm/workspace/take-home/functions\" for Cloud Functions..."}}
[debug] [2020-12-21T04:18:54.652Z] [worker-pool] addWorker(~diagnostic~) {"metadata":{"emulator":{"name":"functions"},"message":"[worker-pool] addWorker(~diagnostic~)"}}
[debug] [2020-12-21T04:18:54.653Z] [worker-pool] Adding worker with key ~diagnostic~, total=1 {"metadata":{"emulator":{"name":"functions"},"message":"[worker-pool] Adding worker with key ~diagnostic~, total=1"}}
[debug] [2020-12-21T04:18:54.653Z] [worker-pool] submitWork(triggerId=) {"metadata":{"emulator":{"name":"functions"},"message":"[worker-pool] submitWork(triggerId=)"}}
[debug] [2020-12-21T04:18:54.654Z] [worker-~diagnostic~-e3d65760-9546-49db-9e06-c9a0b6d5cd83]: Assigning socketPath: /var/folders/3l/4nv_s06n4v11qj74gvrgx7tm0000gn/T/fire_emu_62762.sock {"metadata":{"emulator":{"name":"functions"},"message":"[worker-~diagnostic~-e3d65760-9546-49db-9e06-c9a0b6d5cd83]: Assigning socketPath: /var/folders/3l/4nv_s06n4v11qj74gvrgx7tm0000gn/T/fire_emu_62762.sock"}}
[debug] [2020-12-21T04:18:54.654Z] [worker-~diagnostic~-e3d65760-9546-49db-9e06-c9a0b6d5cd83]: BUSY {"metadata":{"emulator":{"name":"functions"},"message":"[worker-~diagnostic~-e3d65760-9546-49db-9e06-c9a0b6d5cd83]: BUSY"}}
[debug] [2020-12-21T04:18:54.792Z] [runtime-status] [62762] Functions runtime initialized. {"cwd":"/Users/toddstorm/workspace/take-home/functions","node_version":"14.11.0"} {"metadata":{"emulator":{"name":"functions"},"message":"[runtime-status] [62762] Functions runtime initialized. {\"cwd\":\"/Users/toddstorm/workspace/take-home/functions\",\"node_version\":\"14.11.0\"}"}}
[debug] [2020-12-21T04:18:54.792Z] [runtime-status] [62762] Disabled runtime features: undefined {"metadata":{"emulator":{"name":"functions"},"message":"[runtime-status] [62762] Disabled runtime features: undefined"}}
[debug] [2020-12-21T04:18:54.797Z] [runtime-status] [62762] Resolved module firebase-admin {"declared":true,"installed":true,"version":"9.4.2","resolution":"/Users/toddstorm/workspace/take-home/functions/node_modules/firebase-admin/lib/index.js"} {"metadata":{"emulator":{"name":"functions"},"message":"[runtime-status] [62762] Resolved module firebase-admin {\"declared\":true,\"installed\":true,\"version\":\"9.4.2\",\"resolution\":\"/Users/toddstorm/workspace/take-home/functions/node_modules/firebase-admin/lib/index.js\"}"}}
[debug] [2020-12-21T04:18:54.798Z] [runtime-status] [62762] Resolved module firebase-functions {"declared":true,"installed":true,"version":"3.13.0","resolution":"/Users/toddstorm/workspace/take-home/functions/node_modules/firebase-functions/lib/index.js"} {"metadata":{"emulator":{"name":"functions"},"message":"[runtime-status] [62762] Resolved module firebase-functions {\"declared\":true,\"installed\":true,\"version\":\"3.13.0\",\"resolution\":\"/Users/toddstorm/workspace/take-home/functions/node_modules/firebase-functions/lib/index.js\"}"}}
[debug] [2020-12-21T04:18:54.801Z] [runtime-status] [62762] Resolved module firebase-functions {"declared":true,"installed":true,"version":"3.13.0","resolution":"/Users/toddstorm/workspace/take-home/functions/node_modules/firebase-functions/lib/index.js"} {"metadata":{"emulator":{"name":"functions"},"message":"[runtime-status] [62762] Resolved module firebase-functions {\"declared\":true,\"installed\":true,\"version\":\"3.13.0\",\"resolution\":\"/Users/toddstorm/workspace/take-home/functions/node_modules/firebase-functions/lib/index.js\"}"}}
[debug] [2020-12-21T04:18:54.803Z] [runtime-status] [62762] Outgoing network have been stubbed. [{"name":"http","status":"mocked"},{"name":"http","status":"mocked"},{"name":"https","status":"mocked"},{"name":"https","status":"mocked"},{"name":"net","status":"mocked"}] {"metadata":{"emulator":{"name":"functions"},"message":"[runtime-status] [62762] Outgoing network have been stubbed. [{\"name\":\"http\",\"status\":\"mocked\"},{\"name\":\"http\",\"status\":\"mocked\"},{\"name\":\"https\",\"status\":\"mocked\"},{\"name\":\"https\",\"status\":\"mocked\"},{\"name\":\"net\",\"status\":\"mocked\"}]"}}
[debug] [2020-12-21T04:18:54.803Z] [runtime-status] [62762] Resolved module firebase-functions {"declared":true,"installed":true,"version":"3.13.0","resolution":"/Users/toddstorm/workspace/take-home/functions/node_modules/firebase-functions/lib/index.js"} {"metadata":{"emulator":{"name":"functions"},"message":"[runtime-status] [62762] Resolved module firebase-functions {\"declared\":true,\"installed\":true,\"version\":\"3.13.0\",\"resolution\":\"/Users/toddstorm/workspace/take-home/functions/node_modules/firebase-functions/lib/index.js\"}"}}
[debug] [2020-12-21T04:18:54.900Z] [runtime-status] [62762] Checked functions.config() {"config":{}} {"metadata":{"emulator":{"name":"functions"},"message":"[runtime-status] [62762] Checked functions.config() {\"config\":{}}"}}
[debug] [2020-12-21T04:18:54.901Z] [runtime-status] [62762] firebase-functions has been stubbed. {"functionsResolution":{"declared":true,"installed":true,"version":"3.13.0","resolution":"/Users/toddstorm/workspace/take-home/functions/node_modules/firebase-functions/lib/index.js"}} {"metadata":{"emulator":{"name":"functions"},"message":"[runtime-status] [62762] firebase-functions has been stubbed. {\"functionsResolution\":{\"declared\":true,\"installed\":true,\"version\":\"3.13.0\",\"resolution\":\"/Users/toddstorm/workspace/take-home/functions/node_modules/firebase-functions/lib/index.js\"}}"}}
[debug] [2020-12-21T04:18:54.901Z] [runtime-status] [62762] Resolved module firebase-functions {"declared":true,"installed":true,"version":"3.13.0","resolution":"/Users/toddstorm/workspace/take-home/functions/node_modules/firebase-functions/lib/index.js"} {"metadata":{"emulator":{"name":"functions"},"message":"[runtime-status] [62762] Resolved module firebase-functions {\"declared\":true,\"installed\":true,\"version\":\"3.13.0\",\"resolution\":\"/Users/toddstorm/workspace/take-home/functions/node_modules/firebase-functions/lib/index.js\"}"}}
[debug] [2020-12-21T04:18:54.902Z] [runtime-status] [62762] Resolved module firebase-admin {"declared":true,"installed":true,"version":"9.4.2","resolution":"/Users/toddstorm/workspace/take-home/functions/node_modules/firebase-admin/lib/index.js"} {"metadata":{"emulator":{"name":"functions"},"message":"[runtime-status] [62762] Resolved module firebase-admin {\"declared\":true,\"installed\":true,\"version\":\"9.4.2\",\"resolution\":\"/Users/toddstorm/workspace/take-home/functions/node_modules/firebase-admin/lib/index.js\"}"}}
[debug] [2020-12-21T04:18:54.902Z] [runtime-status] [62762] Resolved module firebase-functions {"declared":true,"installed":true,"version":"3.13.0","resolution":"/Users/toddstorm/workspace/take-home/functions/node_modules/firebase-functions/lib/index.js"} {"metadata":{"emulator":{"name":"functions"},"message":"[runtime-status] [62762] Resolved module firebase-functions {\"declared\":true,\"installed\":true,\"version\":\"3.13.0\",\"resolution\":\"/Users/toddstorm/workspace/take-home/functions/node_modules/firebase-functions/lib/index.js\"}"}}
[debug] [2020-12-21T04:18:54.903Z] [runtime-status] [62762] firebase-admin has been stubbed. {"adminResolution":{"declared":true,"installed":true,"version":"9.4.2","resolution":"/Users/toddstorm/workspace/take-home/functions/node_modules/firebase-admin/lib/index.js"}} {"metadata":{"emulator":{"name":"functions"},"message":"[runtime-status] [62762] firebase-admin has been stubbed. {\"adminResolution\":{\"declared\":true,\"installed\":true,\"version\":\"9.4.2\",\"resolution\":\"/Users/toddstorm/workspace/take-home/functions/node_modules/firebase-admin/lib/index.js\"}}"}}
[debug] [2020-12-21T04:18:55.206Z] [runtime-status] [62762] initializeApp(DEFAULT) {"databaseURL":"https://mechanism-take-home.firebaseio.com","storageBucket":"mechanism-take-home.appspot.com","projectId":"mechanism-take-home"} {"metadata":{"emulator":{"name":"functions"},"message":"[runtime-status] [62762] initializeApp(DEFAULT) {\"databaseURL\":\"https://mechanism-take-home.firebaseio.com\",\"storageBucket\":\"mechanism-take-home.appspot.com\",\"projectId\":\"mechanism-take-home\"}"}}
[warn] ⚠  functions: The Cloud Firestore emulator is not running, so calls to Firestore will affect production. {"metadata":{"emulator":{"name":"functions"},"message":"The Cloud Firestore emulator is not running, so calls to Firestore will affect production."}}
[info] ✔  functions[api]: http function initialized (http://localhost:5000/mechanism-take-home/us-central1/api). {"metadata":{"emulator":{"name":"functions"},"message":"\u001b[1mhttp\u001b[22m function initialized (http://localhost:5000/mechanism-take-home/us-central1/api)."}}
[debug] [2020-12-21T04:18:55.768Z] [worker-~diagnostic~-e3d65760-9546-49db-9e06-c9a0b6d5cd83]: IDLE {"metadata":{"emulator":{"name":"functions"},"message":"[worker-~diagnostic~-e3d65760-9546-49db-9e06-c9a0b6d5cd83]: IDLE"}}
[debug] [2020-12-21T04:23:06.348Z] [work-queue] {"queueLength":1,"workRunningCount":0}
[debug] [2020-12-21T04:23:06.348Z] [work-queue] {"queueLength":0,"workRunningCount":1}
[debug] [2020-12-21T04:23:06.349Z] Accepted request GET /mechanism-take-home/us-central1/api --> api
[debug] [2020-12-21T04:23:06.357Z] [worker-pool] addWorker(api) {"metadata":{"emulator":{"name":"functions"},"message":"[worker-pool] addWorker(api)"}}
[debug] [2020-12-21T04:23:06.357Z] [worker-pool] Adding worker with key api, total=1 {"metadata":{"emulator":{"name":"functions"},"message":"[worker-pool] Adding worker with key api, total=1"}}
[debug] [2020-12-21T04:23:06.357Z] [worker-pool] submitWork(triggerId=api) {"metadata":{"emulator":{"name":"functions"},"message":"[worker-pool] submitWork(triggerId=api)"}}
[debug] [2020-12-21T04:23:06.358Z] [worker-api-6022b540-0dbb-4909-9842-e414226fda13]: Assigning socketPath: /var/folders/3l/4nv_s06n4v11qj74gvrgx7tm0000gn/T/fire_emu_62854.sock {"metadata":{"emulator":{"name":"functions"},"message":"[worker-api-6022b540-0dbb-4909-9842-e414226fda13]: Assigning socketPath: /var/folders/3l/4nv_s06n4v11qj74gvrgx7tm0000gn/T/fire_emu_62854.sock"}}
[debug] [2020-12-21T04:23:06.358Z] [worker-api-6022b540-0dbb-4909-9842-e414226fda13]: BUSY {"metadata":{"emulator":{"name":"functions"},"message":"[worker-api-6022b540-0dbb-4909-9842-e414226fda13]: BUSY"}}
[debug] [2020-12-21T04:23:06.669Z] [runtime-status] [62854] Functions runtime initialized. {"cwd":"/Users/toddstorm/workspace/take-home/functions","node_version":"14.11.0"} {"metadata":{"emulator":{"name":"functions"},"function":{"name":"api"},"message":"[runtime-status] [62854] Functions runtime initialized. {\"cwd\":\"/Users/toddstorm/workspace/take-home/functions\",\"node_version\":\"14.11.0\"}"}}
[debug] [2020-12-21T04:23:06.671Z] [runtime-status] [62854] Disabled runtime features: undefined {"metadata":{"emulator":{"name":"functions"},"function":{"name":"api"},"message":"[runtime-status] [62854] Disabled runtime features: undefined"}}
[debug] [2020-12-21T04:23:06.675Z] [runtime-status] [62854] Resolved module firebase-admin {"declared":true,"installed":true,"version":"9.4.2","resolution":"/Users/toddstorm/workspace/take-home/functions/node_modules/firebase-admin/lib/index.js"} {"metadata":{"emulator":{"name":"functions"},"function":{"name":"api"},"message":"[runtime-status] [62854] Resolved module firebase-admin {\"declared\":true,\"installed\":true,\"version\":\"9.4.2\",\"resolution\":\"/Users/toddstorm/workspace/take-home/functions/node_modules/firebase-admin/lib/index.js\"}"}}
[debug] [2020-12-21T04:23:06.677Z] [runtime-status] [62854] Resolved module firebase-functions {"declared":true,"installed":true,"version":"3.13.0","resolution":"/Users/toddstorm/workspace/take-home/functions/node_modules/firebase-functions/lib/index.js"} {"metadata":{"emulator":{"name":"functions"},"function":{"name":"api"},"message":"[runtime-status] [62854] Resolved module firebase-functions {\"declared\":true,\"installed\":true,\"version\":\"3.13.0\",\"resolution\":\"/Users/toddstorm/workspace/take-home/functions/node_modules/firebase-functions/lib/index.js\"}"}}
[debug] [2020-12-21T04:23:06.680Z] [runtime-status] [62854] Resolved module firebase-functions {"declared":true,"installed":true,"version":"3.13.0","resolution":"/Users/toddstorm/workspace/take-home/functions/node_modules/firebase-functions/lib/index.js"} {"metadata":{"emulator":{"name":"functions"},"function":{"name":"api"},"message":"[runtime-status] [62854] Resolved module firebase-functions {\"declared\":true,\"installed\":true,\"version\":\"3.13.0\",\"resolution\":\"/Users/toddstorm/workspace/take-home/functions/node_modules/firebase-functions/lib/index.js\"}"}}
[debug] [2020-12-21T04:23:06.682Z] [runtime-status] [62854] Outgoing network have been stubbed. [{"name":"http","status":"mocked"},{"name":"http","status":"mocked"},{"name":"https","status":"mocked"},{"name":"https","status":"mocked"},{"name":"net","status":"mocked"}] {"metadata":{"emulator":{"name":"functions"},"function":{"name":"api"},"message":"[runtime-status] [62854] Outgoing network have been stubbed. [{\"name\":\"http\",\"status\":\"mocked\"},{\"name\":\"http\",\"status\":\"mocked\"},{\"name\":\"https\",\"status\":\"mocked\"},{\"name\":\"https\",\"status\":\"mocked\"},{\"name\":\"net\",\"status\":\"mocked\"}]"}}
[debug] [2020-12-21T04:23:06.682Z] [runtime-status] [62854] Resolved module firebase-functions {"declared":true,"installed":true,"version":"3.13.0","resolution":"/Users/toddstorm/workspace/take-home/functions/node_modules/firebase-functions/lib/index.js"} {"metadata":{"emulator":{"name":"functions"},"function":{"name":"api"},"message":"[runtime-status] [62854] Resolved module firebase-functions {\"declared\":true,\"installed\":true,\"version\":\"3.13.0\",\"resolution\":\"/Users/toddstorm/workspace/take-home/functions/node_modules/firebase-functions/lib/index.js\"}"}}
[debug] [2020-12-21T04:23:06.745Z] [runtime-status] [62854] Checked functions.config() {"config":{}} {"metadata":{"emulator":{"name":"functions"},"function":{"name":"api"},"message":"[runtime-status] [62854] Checked functions.config() {\"config\":{}}"}}
[debug] [2020-12-21T04:23:06.745Z] [runtime-status] [62854] firebase-functions has been stubbed. {"functionsResolution":{"declared":true,"installed":true,"version":"3.13.0","resolution":"/Users/toddstorm/workspace/take-home/functions/node_modules/firebase-functions/lib/index.js"}} {"metadata":{"emulator":{"name":"functions"},"function":{"name":"api"},"message":"[runtime-status] [62854] firebase-functions has been stubbed. {\"functionsResolution\":{\"declared\":true,\"installed\":true,\"version\":\"3.13.0\",\"resolution\":\"/Users/toddstorm/workspace/take-home/functions/node_modules/firebase-functions/lib/index.js\"}}"}}
[debug] [2020-12-21T04:23:06.746Z] [runtime-status] [62854] Resolved module firebase-functions {"declared":true,"installed":true,"version":"3.13.0","resolution":"/Users/toddstorm/workspace/take-home/functions/node_modules/firebase-functions/lib/index.js"} {"metadata":{"emulator":{"name":"functions"},"function":{"name":"api"},"message":"[runtime-status] [62854] Resolved module firebase-functions {\"declared\":true,\"installed\":true,\"version\":\"3.13.0\",\"resolution\":\"/Users/toddstorm/workspace/take-home/functions/node_modules/firebase-functions/lib/index.js\"}"}}
[debug] [2020-12-21T04:23:06.747Z] [runtime-status] [62854] Resolved module firebase-admin {"declared":true,"installed":true,"version":"9.4.2","resolution":"/Users/toddstorm/workspace/take-home/functions/node_modules/firebase-admin/lib/index.js"} {"metadata":{"emulator":{"name":"functions"},"function":{"name":"api"},"message":"[runtime-status] [62854] Resolved module firebase-admin {\"declared\":true,\"installed\":true,\"version\":\"9.4.2\",\"resolution\":\"/Users/toddstorm/workspace/take-home/functions/node_modules/firebase-admin/lib/index.js\"}"}}
[debug] [2020-12-21T04:23:06.747Z] [runtime-status] [62854] Resolved module firebase-functions {"declared":true,"installed":true,"version":"3.13.0","resolution":"/Users/toddstorm/workspace/take-home/functions/node_modules/firebase-functions/lib/index.js"} {"metadata":{"emulator":{"name":"functions"},"function":{"name":"api"},"message":"[runtime-status] [62854] Resolved module firebase-functions {\"declared\":true,\"installed\":true,\"version\":\"3.13.0\",\"resolution\":\"/Users/toddstorm/workspace/take-home/functions/node_modules/firebase-functions/lib/index.js\"}"}}
[debug] [2020-12-21T04:23:06.747Z] [runtime-status] [62854] firebase-admin has been stubbed. {"adminResolution":{"declared":true,"installed":true,"version":"9.4.2","resolution":"/Users/toddstorm/workspace/take-home/functions/node_modules/firebase-admin/lib/index.js"}} {"metadata":{"emulator":{"name":"functions"},"function":{"name":"api"},"message":"[runtime-status] [62854] firebase-admin has been stubbed. {\"adminResolution\":{\"declared\":true,\"installed\":true,\"version\":\"9.4.2\",\"resolution\":\"/Users/toddstorm/workspace/take-home/functions/node_modules/firebase-admin/lib/index.js\"}}"}}
[debug] [2020-12-21T04:23:06.913Z] [runtime-status] [62854] initializeApp(DEFAULT) {"databaseURL":"https://mechanism-take-home.firebaseio.com","storageBucket":"mechanism-take-home.appspot.com","projectId":"mechanism-take-home"} {"metadata":{"emulator":{"name":"functions"},"function":{"name":"api"},"message":"[runtime-status] [62854] initializeApp(DEFAULT) {\"databaseURL\":\"https://mechanism-take-home.firebaseio.com\",\"storageBucket\":\"mechanism-take-home.appspot.com\",\"projectId\":\"mechanism-take-home\"}"}}
[debug] [2020-12-21T04:23:07.425Z] [runtime-status] [62854] Trigger "api" has been found, beginning invocation! {"metadata":{"emulator":{"name":"functions"},"function":{"name":"api"},"message":"[runtime-status] [62854] Trigger \"api\" has been found, beginning invocation!"}}
[info] i  functions: Beginning execution of "api" {"metadata":{"emulator":{"name":"functions"},"function":{"name":"api"},"message":"Beginning execution of \"api\""}}
[debug] [2020-12-21T04:23:07.426Z] [runtime-status] [62854] triggerDefinition {"httpsTrigger":{},"name":"api","entryPoint":"api"} {"metadata":{"emulator":{"name":"functions"},"function":{"name":"api"},"message":"[runtime-status] [62854] triggerDefinition {\"httpsTrigger\":{},\"name\":\"api\",\"entryPoint\":\"api\"}"}}
[debug] [2020-12-21T04:23:07.427Z] [runtime-status] [62854] Running api in mode HTTPS {"metadata":{"emulator":{"name":"functions"},"function":{"name":"api"},"message":"[runtime-status] [62854] Running api in mode HTTPS"}}
[debug] [2020-12-21T04:23:07.433Z] [runtime-status] [62854] Attempting to listen to socketPath: /var/folders/3l/4nv_s06n4v11qj74gvrgx7tm0000gn/T/fire_emu_62854.sock {"metadata":{"emulator":{"name":"functions"},"function":{"name":"api"},"message":"[runtime-status] [62854] Attempting to listen to socketPath: /var/folders/3l/4nv_s06n4v11qj74gvrgx7tm0000gn/T/fire_emu_62854.sock"}}
[debug] [2020-12-21T04:23:07.441Z] [functions] Runtime ready! Sending request! {"metadata":{"emulator":{"name":"functions"},"message":"[functions] Runtime ready! Sending request!"}}
[debug] [2020-12-21T04:23:07.451Z] [runtime-status] [62854] Ephemeral server handling GET request {"metadata":{"emulator":{"name":"functions"},"function":{"name":"api"},"message":"[runtime-status] [62854] Ephemeral server handling GET request"}}
[debug] [2020-12-21T04:23:07.463Z] [runtime-status] [62854] Ephemeral server survived. {"metadata":{"emulator":{"name":"functions"},"function":{"name":"api"},"message":"[runtime-status] [62854] Ephemeral server survived."}}
[info] i  functions: Finished "api" in ~1s {"metadata":{"emulator":{"name":"functions"},"function":{"name":"api"},"message":"Finished \"api\" in ~1s"}}
[debug] [2020-12-21T04:23:07.465Z] [worker-api-6022b540-0dbb-4909-9842-e414226fda13]: IDLE {"metadata":{"emulator":{"name":"functions"},"message":"[worker-api-6022b540-0dbb-4909-9842-e414226fda13]: IDLE"}}
[debug] [2020-12-21T04:23:07.466Z] [work-queue] {"queueLength":0,"workRunningCount":0}
[debug] [2020-12-21T04:23:16.126Z] [work-queue] {"queueLength":1,"workRunningCount":0}
[debug] [2020-12-21T04:23:16.126Z] [work-queue] {"queueLength":0,"workRunningCount":1}
[debug] [2020-12-21T04:23:16.127Z] Accepted request GET /mechanism-take-home/us-central1/api/stocks --> api
[debug] [2020-12-21T04:23:16.127Z] [worker-pool] submitWork(triggerId=api) {"metadata":{"emulator":{"name":"functions"},"message":"[worker-pool] submitWork(triggerId=api)"}}
[debug] [2020-12-21T04:23:16.127Z] [worker-api-6022b540-0dbb-4909-9842-e414226fda13]: Assigning socketPath: /var/folders/3l/4nv_s06n4v11qj74gvrgx7tm0000gn/T/fire_emu_62854.sock {"metadata":{"emulator":{"name":"functions"},"message":"[worker-api-6022b540-0dbb-4909-9842-e414226fda13]: Assigning socketPath: /var/folders/3l/4nv_s06n4v11qj74gvrgx7tm0000gn/T/fire_emu_62854.sock"}}
[debug] [2020-12-21T04:23:16.127Z] [worker-api-6022b540-0dbb-4909-9842-e414226fda13]: BUSY {"metadata":{"emulator":{"name":"functions"},"message":"[worker-api-6022b540-0dbb-4909-9842-e414226fda13]: BUSY"}}
[debug] [2020-12-21T04:23:16.129Z] [runtime-status] [62854] Trigger "api" has been found, beginning invocation! {"metadata":{"emulator":{"name":"functions"},"function":{"name":"api"},"message":"[runtime-status] [62854] Trigger \"api\" has been found, beginning invocation!"}}
[info] i  functions: Beginning execution of "api" {"metadata":{"emulator":{"name":"functions"},"function":{"name":"api"},"message":"Beginning execution of \"api\""}}
[debug] [2020-12-21T04:23:16.130Z] [runtime-status] [62854] triggerDefinition {"httpsTrigger":{},"name":"api","entryPoint":"api"} {"metadata":{"emulator":{"name":"functions"},"function":{"name":"api"},"message":"[runtime-status] [62854] triggerDefinition {\"httpsTrigger\":{},\"name\":\"api\",\"entryPoint\":\"api\"}"}}
[debug] [2020-12-21T04:23:16.130Z] [runtime-status] [62854] Running api in mode HTTPS {"metadata":{"emulator":{"name":"functions"},"function":{"name":"api"},"message":"[runtime-status] [62854] Running api in mode HTTPS"}}
[debug] [2020-12-21T04:23:16.131Z] [runtime-status] [62854] Attempting to listen to socketPath: /var/folders/3l/4nv_s06n4v11qj74gvrgx7tm0000gn/T/fire_emu_62854.sock {"metadata":{"emulator":{"name":"functions"},"function":{"name":"api"},"message":"[runtime-status] [62854] Attempting to listen to socketPath: /var/folders/3l/4nv_s06n4v11qj74gvrgx7tm0000gn/T/fire_emu_62854.sock"}}
[debug] [2020-12-21T04:23:16.132Z] [functions] Runtime ready! Sending request! {"metadata":{"emulator":{"name":"functions"},"message":"[functions] Runtime ready! Sending request!"}}
[debug] [2020-12-21T04:23:16.137Z] [runtime-status] [62854] Ephemeral server handling GET request {"metadata":{"emulator":{"name":"functions"},"function":{"name":"api"},"message":"[runtime-status] [62854] Ephemeral server handling GET request"}}
[debug] [2020-12-21T04:23:16.147Z] [runtime-status] [62854] Ephemeral server survived. {"metadata":{"emulator":{"name":"functions"},"function":{"name":"api"},"message":"[runtime-status] [62854] Ephemeral server survived."}}
[warn] ⚠  Google API requested!
   - URL: "https://oauth2.googleapis.com/token"
   - Be careful, this may be a production service. {"metadata":{"emulator":{"name":"functions"},"function":{"name":"api"},"message":"Google API requested!\n   - URL: \"https://oauth2.googleapis.com/token\"\n   - Be careful, this may be a production service."}}
[info] i  functions: Finished "api" in ~1s {"metadata":{"emulator":{"name":"functions"},"function":{"name":"api"},"message":"Finished \"api\" in ~1s"}}
[debug] [2020-12-21T04:23:16.803Z] [worker-api-6022b540-0dbb-4909-9842-e414226fda13]: IDLE {"metadata":{"emulator":{"name":"functions"},"message":"[worker-api-6022b540-0dbb-4909-9842-e414226fda13]: IDLE"}}
[debug] [2020-12-21T04:23:16.804Z] [work-queue] {"queueLength":0,"workRunningCount":0}
[debug] [2020-12-21T04:23:16.853Z] Functions emulator received unknown request at path /favicon.ico
[debug] [2020-12-21T17:55:42.197Z] ----------------------------------------------------------------------
[debug] [2020-12-21T17:55:42.204Z] Command:       /usr/local/Cellar/node/14.11.0/bin/node /usr/local/bin/firebase serve
[debug] [2020-12-21T17:55:42.205Z] CLI Version:   9.0.1
[debug] [2020-12-21T17:55:42.205Z] Platform:      darwin
[debug] [2020-12-21T17:55:42.205Z] Node Version:  v14.11.0
[debug] [2020-12-21T17:55:42.208Z] Time:          Mon Dec 21 2020 10:55:42 GMT-0700 (Mountain Standard Time)
[debug] [2020-12-21T17:55:42.208Z] ----------------------------------------------------------------------
[debug] [2020-12-21T17:55:42.208Z] 
[debug] [2020-12-21T17:55:42.226Z] > command requires scopes: ["email","openid","https://www.googleapis.com/auth/cloudplatformprojects.readonly","https://www.googleapis.com/auth/firebase","https://www.googleapis.com/auth/cloud-platform"]
[debug] [2020-12-21T17:55:42.227Z] > authorizing via signed-in user
[debug] [2020-12-21T17:55:42.227Z] [iam] checking project mechanism-take-home for permissions ["firebase.projects.get"]
[debug] [2020-12-21T17:55:42.231Z] > refreshing access token with scopes: ["email","https://www.googleapis.com/auth/cloud-platform","https://www.googleapis.com/auth/cloudplatformprojects.readonly","https://www.googleapis.com/auth/firebase","openid"]
[debug] [2020-12-21T17:55:42.232Z] >>> HTTP REQUEST POST https://www.googleapis.com/oauth2/v3/token  
 <request body omitted>
[debug] [2020-12-21T17:55:42.446Z] <<< HTTP RESPONSE 200 {"date":"Mon, 21 Dec 2020 17:55:42 GMT","pragma":"no-cache","cache-control":"no-cache, no-store, max-age=0, must-revalidate","expires":"Mon, 01 Jan 1990 00:00:00 GMT","content-type":"application/json; charset=utf-8","vary":"X-Origin, Referer, Origin,Accept-Encoding","server":"scaffolding on HTTPServer2","x-xss-protection":"0","x-frame-options":"SAMEORIGIN","x-content-type-options":"nosniff","alt-svc":"h3-29=\":443\"; ma=2592000,h3-T051=\":443\"; ma=2592000,h3-Q050=\":443\"; ma=2592000,h3-Q046=\":443\"; ma=2592000,h3-Q043=\":443\"; ma=2592000,quic=\":443\"; ma=2592000; v=\"46,43\"","accept-ranges":"none","transfer-encoding":"chunked"}
[debug] [2020-12-21T17:55:42.486Z] >>> HTTP REQUEST POST https://cloudresourcemanager.googleapis.com/v1/projects/mechanism-take-home:testIamPermissions  
 {"permissions":["firebase.projects.get"]}
[debug] [2020-12-21T17:55:42.648Z] <<< HTTP RESPONSE 200 {"content-type":"application/json; charset=UTF-8","vary":"X-Origin, Referer, Origin,Accept-Encoding","date":"Mon, 21 Dec 2020 17:55:42 GMT","server":"ESF","cache-control":"private","x-xss-protection":"0","x-frame-options":"SAMEORIGIN","x-content-type-options":"nosniff","server-timing":"gfet4t7; dur=45","alt-svc":"h3-29=\":443\"; ma=2592000,h3-T051=\":443\"; ma=2592000,h3-Q050=\":443\"; ma=2592000,h3-Q046=\":443\"; ma=2592000,h3-Q043=\":443\"; ma=2592000,quic=\":443\"; ma=2592000; v=\"46,43\"","accept-ranges":"none","transfer-encoding":"chunked"}
[debug] [2020-12-21T17:55:42.650Z] >>> HTTP REQUEST GET https://firebase.googleapis.com/v1beta1/projects/mechanism-take-home  
 
[debug] [2020-12-21T17:55:42.829Z] <<< HTTP RESPONSE 200 {"content-type":"application/json; charset=UTF-8","vary":"X-Origin, Referer, Origin,Accept-Encoding","date":"Mon, 21 Dec 2020 17:55:42 GMT","server":"ESF","cache-control":"private","x-xss-protection":"0","x-frame-options":"SAMEORIGIN","x-content-type-options":"nosniff","alt-svc":"h3-29=\":443\"; ma=2592000,h3-T051=\":443\"; ma=2592000,h3-Q050=\":443\"; ma=2592000,h3-Q046=\":443\"; ma=2592000,h3-Q043=\":443\"; ma=2592000,quic=\":443\"; ma=2592000; v=\"46,43\"","accept-ranges":"none","transfer-encoding":"chunked"}
[info] 
[info] === Serving from '/Users/toddstorm/workspace/take-home'...
[info] 
[warn] ⚠  Your requested "node" version "12" doesn't match your global version "14" {"metadata":{"emulator":{"name":"functions"},"message":"Your requested \"node\" version \"12\" doesn't match your global version \"14\""}}
[debug] [2020-12-21T17:55:42.858Z] defaultcredentials: writing to file /Users/toddstorm/.config/firebase/todd_w.storm_gmail.com_application_default_credentials.json
[debug] [2020-12-21T17:55:42.860Z] Setting GAC to /Users/toddstorm/.config/firebase/todd_w.storm_gmail.com_application_default_credentials.json {"metadata":{"emulator":{"name":"functions"},"message":"Setting GAC to /Users/toddstorm/.config/firebase/todd_w.storm_gmail.com_application_default_credentials.json"}}
[info] i  functions: Watching "/Users/toddstorm/workspace/take-home/functions" for Cloud Functions... {"metadata":{"emulator":{"name":"functions"},"message":"Watching \"/Users/toddstorm/workspace/take-home/functions\" for Cloud Functions..."}}
[debug] [2020-12-21T17:55:42.892Z] [worker-pool] addWorker(~diagnostic~) {"metadata":{"emulator":{"name":"functions"},"message":"[worker-pool] addWorker(~diagnostic~)"}}
[debug] [2020-12-21T17:55:42.892Z] [worker-pool] Adding worker with key ~diagnostic~, total=1 {"metadata":{"emulator":{"name":"functions"},"message":"[worker-pool] Adding worker with key ~diagnostic~, total=1"}}
[debug] [2020-12-21T17:55:42.893Z] [worker-pool] submitWork(triggerId=) {"metadata":{"emulator":{"name":"functions"},"message":"[worker-pool] submitWork(triggerId=)"}}
[debug] [2020-12-21T17:55:42.894Z] [worker-~diagnostic~-fadcdf63-2271-49df-91e8-91207318ab54]: Assigning socketPath: /var/folders/3l/4nv_s06n4v11qj74gvrgx7tm0000gn/T/fire_emu_68896.sock {"metadata":{"emulator":{"name":"functions"},"message":"[worker-~diagnostic~-fadcdf63-2271-49df-91e8-91207318ab54]: Assigning socketPath: /var/folders/3l/4nv_s06n4v11qj74gvrgx7tm0000gn/T/fire_emu_68896.sock"}}
[debug] [2020-12-21T17:55:42.894Z] [worker-~diagnostic~-fadcdf63-2271-49df-91e8-91207318ab54]: BUSY {"metadata":{"emulator":{"name":"functions"},"message":"[worker-~diagnostic~-fadcdf63-2271-49df-91e8-91207318ab54]: BUSY"}}
[debug] [2020-12-21T17:55:43.035Z] [runtime-status] [68896] Functions runtime initialized. {"cwd":"/Users/toddstorm/workspace/take-home/functions","node_version":"14.11.0"} {"metadata":{"emulator":{"name":"functions"},"message":"[runtime-status] [68896] Functions runtime initialized. {\"cwd\":\"/Users/toddstorm/workspace/take-home/functions\",\"node_version\":\"14.11.0\"}"}}
[debug] [2020-12-21T17:55:43.035Z] [runtime-status] [68896] Disabled runtime features: undefined {"metadata":{"emulator":{"name":"functions"},"message":"[runtime-status] [68896] Disabled runtime features: undefined"}}
[debug] [2020-12-21T17:55:43.041Z] [runtime-status] [68896] Resolved module firebase-admin {"declared":true,"installed":true,"version":"9.4.2","resolution":"/Users/toddstorm/workspace/take-home/functions/node_modules/firebase-admin/lib/index.js"} {"metadata":{"emulator":{"name":"functions"},"message":"[runtime-status] [68896] Resolved module firebase-admin {\"declared\":true,\"installed\":true,\"version\":\"9.4.2\",\"resolution\":\"/Users/toddstorm/workspace/take-home/functions/node_modules/firebase-admin/lib/index.js\"}"}}
[debug] [2020-12-21T17:55:43.044Z] [runtime-status] [68896] Resolved module firebase-functions {"declared":true,"installed":true,"version":"3.13.0","resolution":"/Users/toddstorm/workspace/take-home/functions/node_modules/firebase-functions/lib/index.js"} {"metadata":{"emulator":{"name":"functions"},"message":"[runtime-status] [68896] Resolved module firebase-functions {\"declared\":true,\"installed\":true,\"version\":\"3.13.0\",\"resolution\":\"/Users/toddstorm/workspace/take-home/functions/node_modules/firebase-functions/lib/index.js\"}"}}
[debug] [2020-12-21T17:55:43.047Z] [runtime-status] [68896] Resolved module firebase-functions {"declared":true,"installed":true,"version":"3.13.0","resolution":"/Users/toddstorm/workspace/take-home/functions/node_modules/firebase-functions/lib/index.js"} {"metadata":{"emulator":{"name":"functions"},"message":"[runtime-status] [68896] Resolved module firebase-functions {\"declared\":true,\"installed\":true,\"version\":\"3.13.0\",\"resolution\":\"/Users/toddstorm/workspace/take-home/functions/node_modules/firebase-functions/lib/index.js\"}"}}
[debug] [2020-12-21T17:55:43.049Z] [runtime-status] [68896] Outgoing network have been stubbed. [{"name":"http","status":"mocked"},{"name":"http","status":"mocked"},{"name":"https","status":"mocked"},{"name":"https","status":"mocked"},{"name":"net","status":"mocked"}] {"metadata":{"emulator":{"name":"functions"},"message":"[runtime-status] [68896] Outgoing network have been stubbed. [{\"name\":\"http\",\"status\":\"mocked\"},{\"name\":\"http\",\"status\":\"mocked\"},{\"name\":\"https\",\"status\":\"mocked\"},{\"name\":\"https\",\"status\":\"mocked\"},{\"name\":\"net\",\"status\":\"mocked\"}]"}}
[debug] [2020-12-21T17:55:43.049Z] [runtime-status] [68896] Resolved module firebase-functions {"declared":true,"installed":true,"version":"3.13.0","resolution":"/Users/toddstorm/workspace/take-home/functions/node_modules/firebase-functions/lib/index.js"} {"metadata":{"emulator":{"name":"functions"},"message":"[runtime-status] [68896] Resolved module firebase-functions {\"declared\":true,\"installed\":true,\"version\":\"3.13.0\",\"resolution\":\"/Users/toddstorm/workspace/take-home/functions/node_modules/firebase-functions/lib/index.js\"}"}}
[debug] [2020-12-21T17:55:43.154Z] [runtime-status] [68896] Checked functions.config() {"config":{}} {"metadata":{"emulator":{"name":"functions"},"message":"[runtime-status] [68896] Checked functions.config() {\"config\":{}}"}}
[debug] [2020-12-21T17:55:43.155Z] [runtime-status] [68896] firebase-functions has been stubbed. {"functionsResolution":{"declared":true,"installed":true,"version":"3.13.0","resolution":"/Users/toddstorm/workspace/take-home/functions/node_modules/firebase-functions/lib/index.js"}} {"metadata":{"emulator":{"name":"functions"},"message":"[runtime-status] [68896] firebase-functions has been stubbed. {\"functionsResolution\":{\"declared\":true,\"installed\":true,\"version\":\"3.13.0\",\"resolution\":\"/Users/toddstorm/workspace/take-home/functions/node_modules/firebase-functions/lib/index.js\"}}"}}
[debug] [2020-12-21T17:55:43.155Z] [runtime-status] [68896] Resolved module firebase-functions {"declared":true,"installed":true,"version":"3.13.0","resolution":"/Users/toddstorm/workspace/take-home/functions/node_modules/firebase-functions/lib/index.js"} {"metadata":{"emulator":{"name":"functions"},"message":"[runtime-status] [68896] Resolved module firebase-functions {\"declared\":true,\"installed\":true,\"version\":\"3.13.0\",\"resolution\":\"/Users/toddstorm/workspace/take-home/functions/node_modules/firebase-functions/lib/index.js\"}"}}
[debug] [2020-12-21T17:55:43.156Z] [runtime-status] [68896] Resolved module firebase-admin {"declared":true,"installed":true,"version":"9.4.2","resolution":"/Users/toddstorm/workspace/take-home/functions/node_modules/firebase-admin/lib/index.js"} {"metadata":{"emulator":{"name":"functions"},"message":"[runtime-status] [68896] Resolved module firebase-admin {\"declared\":true,\"installed\":true,\"version\":\"9.4.2\",\"resolution\":\"/Users/toddstorm/workspace/take-home/functions/node_modules/firebase-admin/lib/index.js\"}"}}
[debug] [2020-12-21T17:55:43.156Z] [runtime-status] [68896] Resolved module firebase-functions {"declared":true,"installed":true,"version":"3.13.0","resolution":"/Users/toddstorm/workspace/take-home/functions/node_modules/firebase-functions/lib/index.js"} {"metadata":{"emulator":{"name":"functions"},"message":"[runtime-status] [68896] Resolved module firebase-functions {\"declared\":true,\"installed\":true,\"version\":\"3.13.0\",\"resolution\":\"/Users/toddstorm/workspace/take-home/functions/node_modules/firebase-functions/lib/index.js\"}"}}
[debug] [2020-12-21T17:55:43.156Z] [runtime-status] [68896] firebase-admin has been stubbed. {"adminResolution":{"declared":true,"installed":true,"version":"9.4.2","resolution":"/Users/toddstorm/workspace/take-home/functions/node_modules/firebase-admin/lib/index.js"}} {"metadata":{"emulator":{"name":"functions"},"message":"[runtime-status] [68896] firebase-admin has been stubbed. {\"adminResolution\":{\"declared\":true,\"installed\":true,\"version\":\"9.4.2\",\"resolution\":\"/Users/toddstorm/workspace/take-home/functions/node_modules/firebase-admin/lib/index.js\"}}"}}
[debug] [2020-12-21T17:55:43.469Z] [runtime-status] [68896] initializeApp(DEFAULT) {"databaseURL":"https://mechanism-take-home.firebaseio.com","storageBucket":"mechanism-take-home.appspot.com","projectId":"mechanism-take-home"} {"metadata":{"emulator":{"name":"functions"},"message":"[runtime-status] [68896] initializeApp(DEFAULT) {\"databaseURL\":\"https://mechanism-take-home.firebaseio.com\",\"storageBucket\":\"mechanism-take-home.appspot.com\",\"projectId\":\"mechanism-take-home\"}"}}
[warn] ⚠  functions: The Cloud Firestore emulator is not running, so calls to Firestore will affect production. {"metadata":{"emulator":{"name":"functions"},"message":"The Cloud Firestore emulator is not running, so calls to Firestore will affect production."}}
[info] ✔  functions[api]: http function initialized (http://localhost:5000/mechanism-take-home/us-central1/api). {"metadata":{"emulator":{"name":"functions"},"message":"\u001b[1mhttp\u001b[22m function initialized (http://localhost:5000/mechanism-take-home/us-central1/api)."}}
[debug] [2020-12-21T17:55:44.158Z] [worker-~diagnostic~-fadcdf63-2271-49df-91e8-91207318ab54]: IDLE {"metadata":{"emulator":{"name":"functions"},"message":"[worker-~diagnostic~-fadcdf63-2271-49df-91e8-91207318ab54]: IDLE"}}
[debug] [2020-12-21T17:56:04.450Z] [work-queue] {"queueLength":1,"workRunningCount":0}
[debug] [2020-12-21T17:56:04.451Z] [work-queue] {"queueLength":0,"workRunningCount":1}
[debug] [2020-12-21T17:56:04.451Z] Accepted request GET /mechanism-take-home/us-central1/api/stocks --> api
[debug] [2020-12-21T17:56:04.458Z] [worker-pool] addWorker(api) {"metadata":{"emulator":{"name":"functions"},"message":"[worker-pool] addWorker(api)"}}
[debug] [2020-12-21T17:56:04.459Z] [worker-pool] Adding worker with key api, total=1 {"metadata":{"emulator":{"name":"functions"},"message":"[worker-pool] Adding worker with key api, total=1"}}
[debug] [2020-12-21T17:56:04.459Z] [worker-pool] submitWork(triggerId=api) {"metadata":{"emulator":{"name":"functions"},"message":"[worker-pool] submitWork(triggerId=api)"}}
[debug] [2020-12-21T17:56:04.459Z] [worker-api-8dac6567-70c4-44e3-834d-cf748ed29a82]: Assigning socketPath: /var/folders/3l/4nv_s06n4v11qj74gvrgx7tm0000gn/T/fire_emu_68899.sock {"metadata":{"emulator":{"name":"functions"},"message":"[worker-api-8dac6567-70c4-44e3-834d-cf748ed29a82]: Assigning socketPath: /var/folders/3l/4nv_s06n4v11qj74gvrgx7tm0000gn/T/fire_emu_68899.sock"}}
[debug] [2020-12-21T17:56:04.459Z] [worker-api-8dac6567-70c4-44e3-834d-cf748ed29a82]: BUSY {"metadata":{"emulator":{"name":"functions"},"message":"[worker-api-8dac6567-70c4-44e3-834d-cf748ed29a82]: BUSY"}}
[debug] [2020-12-21T17:56:04.743Z] [runtime-status] [68899] Functions runtime initialized. {"cwd":"/Users/toddstorm/workspace/take-home/functions","node_version":"14.11.0"} {"metadata":{"emulator":{"name":"functions"},"function":{"name":"api"},"message":"[runtime-status] [68899] Functions runtime initialized. {\"cwd\":\"/Users/toddstorm/workspace/take-home/functions\",\"node_version\":\"14.11.0\"}"}}
[debug] [2020-12-21T17:56:04.744Z] [runtime-status] [68899] Disabled runtime features: undefined {"metadata":{"emulator":{"name":"functions"},"function":{"name":"api"},"message":"[runtime-status] [68899] Disabled runtime features: undefined"}}
[debug] [2020-12-21T17:56:04.748Z] [runtime-status] [68899] Resolved module firebase-admin {"declared":true,"installed":true,"version":"9.4.2","resolution":"/Users/toddstorm/workspace/take-home/functions/node_modules/firebase-admin/lib/index.js"} {"metadata":{"emulator":{"name":"functions"},"function":{"name":"api"},"message":"[runtime-status] [68899] Resolved module firebase-admin {\"declared\":true,\"installed\":true,\"version\":\"9.4.2\",\"resolution\":\"/Users/toddstorm/workspace/take-home/functions/node_modules/firebase-admin/lib/index.js\"}"}}
[debug] [2020-12-21T17:56:04.750Z] [runtime-status] [68899] Resolved module firebase-functions {"declared":true,"installed":true,"version":"3.13.0","resolution":"/Users/toddstorm/workspace/take-home/functions/node_modules/firebase-functions/lib/index.js"} {"metadata":{"emulator":{"name":"functions"},"function":{"name":"api"},"message":"[runtime-status] [68899] Resolved module firebase-functions {\"declared\":true,\"installed\":true,\"version\":\"3.13.0\",\"resolution\":\"/Users/toddstorm/workspace/take-home/functions/node_modules/firebase-functions/lib/index.js\"}"}}
[debug] [2020-12-21T17:56:04.754Z] [runtime-status] [68899] Resolved module firebase-functions {"declared":true,"installed":true,"version":"3.13.0","resolution":"/Users/toddstorm/workspace/take-home/functions/node_modules/firebase-functions/lib/index.js"} {"metadata":{"emulator":{"name":"functions"},"function":{"name":"api"},"message":"[runtime-status] [68899] Resolved module firebase-functions {\"declared\":true,\"installed\":true,\"version\":\"3.13.0\",\"resolution\":\"/Users/toddstorm/workspace/take-home/functions/node_modules/firebase-functions/lib/index.js\"}"}}
[debug] [2020-12-21T17:56:04.756Z] [runtime-status] [68899] Outgoing network have been stubbed. [{"name":"http","status":"mocked"},{"name":"http","status":"mocked"},{"name":"https","status":"mocked"},{"name":"https","status":"mocked"},{"name":"net","status":"mocked"}] {"metadata":{"emulator":{"name":"functions"},"function":{"name":"api"},"message":"[runtime-status] [68899] Outgoing network have been stubbed. [{\"name\":\"http\",\"status\":\"mocked\"},{\"name\":\"http\",\"status\":\"mocked\"},{\"name\":\"https\",\"status\":\"mocked\"},{\"name\":\"https\",\"status\":\"mocked\"},{\"name\":\"net\",\"status\":\"mocked\"}]"}}
[debug] [2020-12-21T17:56:04.757Z] [runtime-status] [68899] Resolved module firebase-functions {"declared":true,"installed":true,"version":"3.13.0","resolution":"/Users/toddstorm/workspace/take-home/functions/node_modules/firebase-functions/lib/index.js"} {"metadata":{"emulator":{"name":"functions"},"function":{"name":"api"},"message":"[runtime-status] [68899] Resolved module firebase-functions {\"declared\":true,\"installed\":true,\"version\":\"3.13.0\",\"resolution\":\"/Users/toddstorm/workspace/take-home/functions/node_modules/firebase-functions/lib/index.js\"}"}}
[debug] [2020-12-21T17:56:04.825Z] [runtime-status] [68899] Checked functions.config() {"config":{}} {"metadata":{"emulator":{"name":"functions"},"function":{"name":"api"},"message":"[runtime-status] [68899] Checked functions.config() {\"config\":{}}"}}
[debug] [2020-12-21T17:56:04.826Z] [runtime-status] [68899] firebase-functions has been stubbed. {"functionsResolution":{"declared":true,"installed":true,"version":"3.13.0","resolution":"/Users/toddstorm/workspace/take-home/functions/node_modules/firebase-functions/lib/index.js"}} {"metadata":{"emulator":{"name":"functions"},"function":{"name":"api"},"message":"[runtime-status] [68899] firebase-functions has been stubbed. {\"functionsResolution\":{\"declared\":true,\"installed\":true,\"version\":\"3.13.0\",\"resolution\":\"/Users/toddstorm/workspace/take-home/functions/node_modules/firebase-functions/lib/index.js\"}}"}}
[debug] [2020-12-21T17:56:04.826Z] [runtime-status] [68899] Resolved module firebase-functions {"declared":true,"installed":true,"version":"3.13.0","resolution":"/Users/toddstorm/workspace/take-home/functions/node_modules/firebase-functions/lib/index.js"} {"metadata":{"emulator":{"name":"functions"},"function":{"name":"api"},"message":"[runtime-status] [68899] Resolved module firebase-functions {\"declared\":true,\"installed\":true,\"version\":\"3.13.0\",\"resolution\":\"/Users/toddstorm/workspace/take-home/functions/node_modules/firebase-functions/lib/index.js\"}"}}
[debug] [2020-12-21T17:56:04.827Z] [runtime-status] [68899] Resolved module firebase-admin {"declared":true,"installed":true,"version":"9.4.2","resolution":"/Users/toddstorm/workspace/take-home/functions/node_modules/firebase-admin/lib/index.js"} {"metadata":{"emulator":{"name":"functions"},"function":{"name":"api"},"message":"[runtime-status] [68899] Resolved module firebase-admin {\"declared\":true,\"installed\":true,\"version\":\"9.4.2\",\"resolution\":\"/Users/toddstorm/workspace/take-home/functions/node_modules/firebase-admin/lib/index.js\"}"}}
[debug] [2020-12-21T17:56:04.827Z] [runtime-status] [68899] Resolved module firebase-functions {"declared":true,"installed":true,"version":"3.13.0","resolution":"/Users/toddstorm/workspace/take-home/functions/node_modules/firebase-functions/lib/index.js"} {"metadata":{"emulator":{"name":"functions"},"function":{"name":"api"},"message":"[runtime-status] [68899] Resolved module firebase-functions {\"declared\":true,\"installed\":true,\"version\":\"3.13.0\",\"resolution\":\"/Users/toddstorm/workspace/take-home/functions/node_modules/firebase-functions/lib/index.js\"}"}}
[debug] [2020-12-21T17:56:04.828Z] [runtime-status] [68899] firebase-admin has been stubbed. {"adminResolution":{"declared":true,"installed":true,"version":"9.4.2","resolution":"/Users/toddstorm/workspace/take-home/functions/node_modules/firebase-admin/lib/index.js"}} {"metadata":{"emulator":{"name":"functions"},"function":{"name":"api"},"message":"[runtime-status] [68899] firebase-admin has been stubbed. {\"adminResolution\":{\"declared\":true,\"installed\":true,\"version\":\"9.4.2\",\"resolution\":\"/Users/toddstorm/workspace/take-home/functions/node_modules/firebase-admin/lib/index.js\"}}"}}
[debug] [2020-12-21T17:56:04.978Z] [runtime-status] [68899] initializeApp(DEFAULT) {"databaseURL":"https://mechanism-take-home.firebaseio.com","storageBucket":"mechanism-take-home.appspot.com","projectId":"mechanism-take-home"} {"metadata":{"emulator":{"name":"functions"},"function":{"name":"api"},"message":"[runtime-status] [68899] initializeApp(DEFAULT) {\"databaseURL\":\"https://mechanism-take-home.firebaseio.com\",\"storageBucket\":\"mechanism-take-home.appspot.com\",\"projectId\":\"mechanism-take-home\"}"}}
[debug] [2020-12-21T17:56:05.358Z] [runtime-status] [68899] Trigger "api" has been found, beginning invocation! {"metadata":{"emulator":{"name":"functions"},"function":{"name":"api"},"message":"[runtime-status] [68899] Trigger \"api\" has been found, beginning invocation!"}}
[info] i  functions: Beginning execution of "api" {"metadata":{"emulator":{"name":"functions"},"function":{"name":"api"},"message":"Beginning execution of \"api\""}}
[debug] [2020-12-21T17:56:05.359Z] [runtime-status] [68899] triggerDefinition {"httpsTrigger":{},"name":"api","entryPoint":"api"} {"metadata":{"emulator":{"name":"functions"},"function":{"name":"api"},"message":"[runtime-status] [68899] triggerDefinition {\"httpsTrigger\":{},\"name\":\"api\",\"entryPoint\":\"api\"}"}}
[debug] [2020-12-21T17:56:05.359Z] [runtime-status] [68899] Running api in mode HTTPS {"metadata":{"emulator":{"name":"functions"},"function":{"name":"api"},"message":"[runtime-status] [68899] Running api in mode HTTPS"}}
[debug] [2020-12-21T17:56:05.365Z] [runtime-status] [68899] Attempting to listen to socketPath: /var/folders/3l/4nv_s06n4v11qj74gvrgx7tm0000gn/T/fire_emu_68899.sock {"metadata":{"emulator":{"name":"functions"},"function":{"name":"api"},"message":"[runtime-status] [68899] Attempting to listen to socketPath: /var/folders/3l/4nv_s06n4v11qj74gvrgx7tm0000gn/T/fire_emu_68899.sock"}}
[debug] [2020-12-21T17:56:05.374Z] [functions] Runtime ready! Sending request! {"metadata":{"emulator":{"name":"functions"},"message":"[functions] Runtime ready! Sending request!"}}
[debug] [2020-12-21T17:56:05.383Z] [runtime-status] [68899] Ephemeral server handling GET request {"metadata":{"emulator":{"name":"functions"},"function":{"name":"api"},"message":"[runtime-status] [68899] Ephemeral server handling GET request"}}
[debug] [2020-12-21T17:56:05.392Z] [runtime-status] [68899] Ephemeral server survived. {"metadata":{"emulator":{"name":"functions"},"function":{"name":"api"},"message":"[runtime-status] [68899] Ephemeral server survived."}}
[warn] ⚠  Google API requested!
   - URL: "https://oauth2.googleapis.com/token"
   - Be careful, this may be a production service. {"metadata":{"emulator":{"name":"functions"},"function":{"name":"api"},"message":"Google API requested!\n   - URL: \"https://oauth2.googleapis.com/token\"\n   - Be careful, this may be a production service."}}
[info] i  functions: Finished "api" in ~1s {"metadata":{"emulator":{"name":"functions"},"function":{"name":"api"},"message":"Finished \"api\" in ~1s"}}
[debug] [2020-12-21T17:56:06.254Z] [worker-api-8dac6567-70c4-44e3-834d-cf748ed29a82]: IDLE {"metadata":{"emulator":{"name":"functions"},"message":"[worker-api-8dac6567-70c4-44e3-834d-cf748ed29a82]: IDLE"}}
[debug] [2020-12-21T17:56:06.254Z] [work-queue] {"queueLength":0,"workRunningCount":0}
